<?xml version="1.0" encoding="UTF-8"?>
<!-- Generated by org.testng.reporters.JUnitReportReporter -->
<testsuite hostname="DESKTOP-SHBNLJ1" failures="0" tests="1" name="MvnTest.OrangeTest" time="0.277" errors="0" timestamp="2022-06-16T08:32:23 IST" skipped="0">
  <testcase classname="MvnTest.OrangeTest" name="login" time="0.277"/>
  <system-out/>
</testsuite> <!-- MvnTest.OrangeTest -->
